Using TensorFlow backend.
Traceback (most recent call last):
  File "PCA_SVM.py", line 19, in <module>
    from skimage.transform import resize
  File "/home/group08/anaconda3/lib/python3.7/site-packages/skimage/__init__.py", line 135, in <module>
    from .data import data_dir
  File "/home/group08/anaconda3/lib/python3.7/site-packages/skimage/data/__init__.py", line 16, in <module>
    from ._binary_blobs import binary_blobs
  File "/home/group08/anaconda3/lib/python3.7/site-packages/skimage/data/_binary_blobs.py", line 2, in <module>
    from ..filters import gaussian
  File "/home/group08/anaconda3/lib/python3.7/site-packages/skimage/filters/__init__.py", line 3, in <module>
    from .edges import (sobel, sobel_h, sobel_v,
  File "/home/group08/anaconda3/lib/python3.7/site-packages/skimage/filters/edges.py", line 17, in <module>
    from ..restoration.uft import laplacian
  File "/home/group08/anaconda3/lib/python3.7/site-packages/skimage/restoration/__init__.py", line 7, in <module>
    from ._denoise import (denoise_tv_chambolle, denoise_tv_bregman,
  File "/home/group08/anaconda3/lib/python3.7/site-packages/skimage/restoration/_denoise.py", line 8, in <module>
    import pywt
  File "/home/group08/anaconda3/lib/python3.7/site-packages/pywt/__init__.py", line 41, in <module>
    if is_nose_running():
  File "/home/group08/anaconda3/lib/python3.7/site-packages/pywt/_utils.py", line 113, in is_nose_running
    stack = inspect.stack()
  File "/home/group08/anaconda3/lib/python3.7/inspect.py", line 1513, in stack
    return getouterframes(sys._getframe(1), context)
  File "/home/group08/anaconda3/lib/python3.7/inspect.py", line 1490, in getouterframes
    frameinfo = (frame,) + getframeinfo(frame, context)
  File "/home/group08/anaconda3/lib/python3.7/inspect.py", line 1464, in getframeinfo
    lines, lnum = findsource(frame)
  File "/home/group08/anaconda3/lib/python3.7/inspect.py", line 780, in findsource
    module = getmodule(object, file)
  File "/home/group08/anaconda3/lib/python3.7/inspect.py", line 733, in getmodule
    if ismodule(module) and hasattr(module, '__file__'):
  File "/home/group08/anaconda3/lib/python3.7/site-packages/tensorflow/__init__.py", line 50, in __getattr__
    module = self._load()
  File "/home/group08/anaconda3/lib/python3.7/site-packages/tensorflow/__init__.py", line 44, in _load
    module = _importlib.import_module(self.__name__)
  File "/home/group08/anaconda3/lib/python3.7/importlib/__init__.py", line 127, in import_module
    return _bootstrap._gcd_import(name[level:], package, level)
ModuleNotFoundError: No module named 'tensorflow_core.estimator'
